  [1m[36m (2.1ms)[0m  [1mCREATE TABLE "schema_migrations" ("version" varchar NOT NULL) [0m
  [1m[35m (0.1ms)[0m  select sqlite_version(*)
  [1m[36m (2.2ms)[0m  [1mCREATE UNIQUE INDEX "unique_schema_migrations" ON "schema_migrations" ("version")[0m
  [1m[35mActiveRecord::SchemaMigration Load (0.1ms)[0m  SELECT "schema_migrations".* FROM "schema_migrations"
Migrating to CreateTransporters (20200211134747)
  [1m[36m (0.0ms)[0m  [1mbegin transaction[0m
  [1m[35m (0.3ms)[0m  CREATE TABLE "transporters" ("id" INTEGER PRIMARY KEY AUTOINCREMENT NOT NULL, "name" varchar, "created_at" datetime NOT NULL, "updated_at" datetime NOT NULL) 
  [1m[36mSQL (0.1ms)[0m  [1mINSERT INTO "schema_migrations" ("version") VALUES (?)[0m  [["version", "20200211134747"]]
  [1m[35m (2.0ms)[0m  commit transaction
  [1m[36mActiveRecord::SchemaMigration Load (0.1ms)[0m  [1mSELECT "schema_migrations".* FROM "schema_migrations"[0m
  [1m[36mActiveRecord::SchemaMigration Load (0.1ms)[0m  [1mSELECT "schema_migrations".* FROM "schema_migrations"[0m
Migrating to AddColToTransporter (20200211135032)
  [1m[35m (0.1ms)[0m  begin transaction
  [1m[36m (0.3ms)[0m  [1mALTER TABLE "transporters" ADD "siret" varchar[0m
  [1m[35m (0.1ms)[0m  ALTER TABLE "transporters" ADD "postal_codes" varchar
  [1m[36mSQL (0.1ms)[0m  [1mINSERT INTO "schema_migrations" ("version") VALUES (?)[0m  [["version", "20200211135032"]]
  [1m[35m (3.3ms)[0m  commit transaction
Migrating to RemoveColToTransporter (20200211135102)
  [1m[36m (0.0ms)[0m  [1mbegin transaction[0m
  [1m[35m (0.2ms)[0m  CREATE TEMPORARY TABLE "atransporters" ("id" INTEGER PRIMARY KEY AUTOINCREMENT NOT NULL, "name" varchar, "created_at" datetime NOT NULL, "updated_at" datetime NOT NULL, "siret" varchar, "postal_codes" varchar) 
  [1m[36m (0.1ms)[0m  [1mSELECT * FROM "transporters"[0m
  [1m[35m (0.2ms)[0m  DROP TABLE "transporters"
  [1m[36m (0.1ms)[0m  [1mCREATE TABLE "transporters" ("id" INTEGER PRIMARY KEY AUTOINCREMENT NOT NULL, "name" varchar, "updated_at" datetime NOT NULL, "siret" varchar, "postal_codes" varchar) [0m
  [1m[35m (0.1ms)[0m  SELECT * FROM "atransporters"
  [1m[36m (0.2ms)[0m  [1mDROP TABLE "atransporters"[0m
  [1m[35m (0.2ms)[0m  CREATE TEMPORARY TABLE "atransporters" ("id" INTEGER PRIMARY KEY AUTOINCREMENT NOT NULL, "name" varchar, "updated_at" datetime NOT NULL, "siret" varchar, "postal_codes" varchar) 
  [1m[36m (0.1ms)[0m  [1mSELECT * FROM "transporters"[0m
  [1m[35m (0.1ms)[0m  DROP TABLE "transporters"
  [1m[36m (0.2ms)[0m  [1mCREATE TABLE "transporters" ("id" INTEGER PRIMARY KEY AUTOINCREMENT NOT NULL, "name" varchar, "siret" varchar, "postal_codes" varchar) [0m
  [1m[35m (0.1ms)[0m  SELECT * FROM "atransporters"
  [1m[36m (0.2ms)[0m  [1mDROP TABLE "atransporters"[0m
  [1m[35mSQL (0.2ms)[0m  INSERT INTO "schema_migrations" ("version") VALUES (?)  [["version", "20200211135102"]]
  [1m[36m (2.1ms)[0m  [1mcommit transaction[0m
  [1m[35mActiveRecord::SchemaMigration Load (0.1ms)[0m  SELECT "schema_migrations".* FROM "schema_migrations"
  [1m[36mActiveRecord::SchemaMigration Load (0.1ms)[0m  [1mSELECT "schema_migrations".* FROM "schema_migrations"[0m
  [1m[35m (0.1ms)[0m  begin transaction
  [1m[36mSQL (0.5ms)[0m  [1mINSERT INTO "transporters" ("name", "siret", "postal_codes") VALUES (?, ?, ?)[0m  [["name", "test1"], ["siret", "SIRET123456"], ["postal_codes", "---\n- '02100'\n- '02230'\n- '02145'\n"]]
  [1m[35m (2.4ms)[0m  commit transaction


Started GET "/api/v1/transporters" for 127.0.0.1 at 2020-02-11 14:55:55 +0100
  [1m[36mActiveRecord::SchemaMigration Load (0.1ms)[0m  [1mSELECT "schema_migrations".* FROM "schema_migrations"[0m
Processing by Api::V1::TransportersController#index as HTML
  [1m[35mTransporter Load (0.2ms)[0m  SELECT "transporters".* FROM "transporters"
Completed 200 OK in 18ms (Views: 8.4ms | ActiveRecord: 0.4ms)
